<?xml version="1.0" encoding="UTF-8"?>
<!-- Generated by org.testng.reporters.JUnitReportReporter -->
<testsuite hostname="DESKTOP-MBGLN98" failures="0" tests="2" name="sampleProject.OrangeHRM1" time="52.478" errors="0" timestamp="2022-09-11T23:20:05 IST" skipped="0">
  <testcase classname="sampleProject.OrangeHRM1" name="OpenBrowser" time="50.719"/>
  <system-out/>
  <testcase classname="sampleProject.OrangeHRM1" name="loginToOrangeHRM" time="1.759"/>
  <system-out/>
</testsuite> <!-- sampleProject.OrangeHRM1 -->
