<?xml version="1.0" encoding="UTF-8"?>
<!-- Generated by org.testng.reporters.JUnitReportReporter -->
<testsuite hostname="DESKTOP-MBGLN98" failures="0" tests="2" name="testNgExercise.TestNgDemo_1" time="0.025" errors="0" timestamp="2022-11-10T16:58:39 IST" skipped="0">
  <testcase classname="testNgExercise.TestNgDemo_1" name="testMethod2" time="0.004"/>
  <system-out/>
  <testcase classname="testNgExercise.TestNgDemo_1" name="testMethod1" time="0.021"/>
  <system-out/>
</testsuite> <!-- testNgExercise.TestNgDemo_1 -->
