<?xml version="1.0" encoding="UTF-8"?>
<!-- Generated by org.testng.reporters.JUnitReportReporter -->
<testsuite hostname="DESKTOP-MBGLN98" failures="0" tests="3" name="sampleProject.OrangeHRM" time="43.448" errors="0" timestamp="2022-09-11T23:03:15 IST" skipped="0">
  <testcase classname="sampleProject.OrangeHRM" name="OpenBrowser" time="40.376"/>
  <system-out/>
  <testcase classname="sampleProject.OrangeHRM" name="loginToOrangeHRM" time="2.680"/>
  <system-out/>
  <testcase classname="sampleProject.OrangeHRM" name="loginToOrangeHRM" time="0.392"/>
  <system-out/>
</testsuite> <!-- sampleProject.OrangeHRM -->
