<?xml version="1.0" encoding="UTF-8"?>
<!-- Generated by org.testng.reporters.JUnitReportReporter -->
<testsuite hostname="DESKTOP-MBGLN98" failures="0" tests="1" name="testPackage.TestClass" time="0.022" errors="0" timestamp="2022-11-10T10:51:34 IST" skipped="0">
  <testcase classname="testPackage.TestClass" name="testMethod" time="0.022"/>
  <system-out/>
</testsuite> <!-- testPackage.TestClass -->
