<?xml version="1.0" encoding="UTF-8"?>
<!-- Generated by org.testng.reporters.JUnitReportReporter -->
<testsuite hostname="DESKTOP-MBGLN98" failures="0" tests="2" name="testCases.WordPressTest" time="34.593" errors="0" timestamp="2022-09-13T12:43:59 IST" skipped="0">
  <testcase classname="testCases.WordPressTest" name="verifyLogo" time="16.669"/>
  <system-out/>
  <testcase classname="testCases.WordPressTest" name="verifyLogin" time="17.924"/>
  <system-out/>
</testsuite> <!-- testCases.WordPressTest -->
